<?xml version="1.0" encoding="UTF-8"?>
<testsuite name="PlacesTest" tests="2" skipped="0" failures="0" errors="0" timestamp="2015-08-18T18:21:23" hostname="epicodus-108.local" time="0.002">
  <properties/>
  <testcase name="newPlaces_instantiatesWithPlaceNameCorrectly_true" classname="PlacesTest" time="0.001"/>
  <testcase name="newPlaces_instantiatesCorrectly_true" classname="PlacesTest" time="0.001"/>
  <system-out><![CDATA[]]></system-out>
  <system-err><![CDATA[]]></system-err>
</testsuite>
